<?xml version="1.0" encoding="UTF-8"?>
<testsuite name="SDET_REST_Project.SDET_REST_Batch5_TestSuite" tests="7" failures="1" errors="0" time="21.468"><properties>
[...]
</properties><testcase name="client_credentials TestCase" time="4.264"/><testcase name="login TestCase" time="0.317"/><testcase name="Add_New_Customer TestCase" time="1.778"><failure type="Cancelling due to failed test step" message="Cancelling due to failed test step"><![CDATA[<h3><b>set_custom_property_CustomerID Failed</b></h3><pre>org.codehaus.groovy.control.MultipleCompilationErrorsException: startup failed:
Script1.groovy: 17: unable to resolve class org.apache.poi.ss.usermodel.DateUtil
 @ line 17, column 1.
   import org.apache.poi.ss.usermodel.DateUtil
   ^
org.codehaus.groovy.syntax.SyntaxException: unable to resolve class org.apache.poi.ss.usermodel.DateUtil
 @ line 17, column 1.
	at org.codehaus.groovy.ast.ClassCodeVisitorSupport.addError(ClassCodeVisitorSupport.java:146)
	at org.codehaus.groovy.control.ResolveVisitor.visitClass(ResolveVisitor.java:1145)
	at org.codehaus.groovy.control.ResolveVisitor.startResolving(ResolveVisitor.java:141)
	at org.codehaus.groovy.control.CompilationUnit$10.call(CompilationUnit.java:632)
	at org.codehaus.groovy.control.CompilationUnit.applyToSourceUnits(CompilationUnit.java:912)
	at org.codehaus.groovy.control.CompilationUnit.doPhaseOperation(CompilationUnit.java:574)
	at org.codehaus.groovy.control.CompilationUnit.compile(CompilationUnit.java:523)
	at groovy.lang.GroovyClassLoader.doParseClass(GroovyClassLoader.java:279)
	at groovy.lang.GroovyClassLoader.parseClass(GroovyClassLoader.java:258)
	at groovy.lang.GroovyShell.parseClass(GroovyShell.java:613)
	at groovy.lang.GroovyShell.parse(GroovyShell.java:625)
	at groovy.lang.GroovyShell.parse(GroovyShell.java:652)
	at groovy.lang.GroovyShell.parse(GroovyShell.java:643)
	at com.eviware.soapui.support.scripting.groovy.SoapUIGroovyScriptEngine.compile(SoapUIGroovyScriptEngine.java:152)
	at com.eviware.soapui.support.scripting.groovy.SoapUIGroovyScriptEngine.run(SoapUIGroovyScriptEngine.java:97)
	at com.eviware.soapui.impl.wsdl.teststeps.WsdlGroovyScriptTestStep.run(WsdlGroovyScriptTestStep.java:154)
	at com.eviware.soapui.impl.wsdl.support.AbstractTestCaseRunner.runTestStep(AbstractTestCaseRunner.java:239)
	at com.eviware.soapui.impl.wsdl.testcase.WsdlTestCaseRunner.runCurrentTestStep(WsdlTestCaseRunner.java:52)
	at com.eviware.soapui.impl.wsdl.support.AbstractTestCaseRunner.internalRun(AbstractTestCaseRunner.java:152)
	at com.eviware.soapui.impl.wsdl.support.AbstractTestCaseRunner.internalRun(AbstractTestCaseRunner.java:47)
	at com.eviware.soapui.impl.wsdl.support.AbstractTestRunner.run(AbstractTestRunner.java:139)
	at java.base/java.util.concurrent.Executors$RunnableAdapter.call(Executors.java:515)
	at java.base/java.util.concurrent.FutureTask.run(FutureTask.java:264)
	at java.base/java.util.concurrent.ThreadPoolExecutor.runWorker(ThreadPoolExecutor.java:1128)
	at java.base/java.util.concurrent.ThreadPoolExecutor$Worker.run(ThreadPoolExecutor.java:628)
	at java.base/java.lang.Thread.run(Thread.java:836)

Script1.groovy: 8: unable to resolve class org.apache.poi.hssf.usermodel.HSSFWorkbook
 @ line 8, column 1.
   import org.apache.poi.hssf.usermodel.HSSFWorkbook
   ^
org.codehaus.groovy.syntax.SyntaxException: unable to resolve class org.apache.poi.hssf.usermodel.HSSFWorkbook
 @ line 8, column 1.
	at org.codehaus.groovy.ast.ClassCodeVisitorSupport.addError(ClassCodeVisitorSupport.java:146)
	at org.codehaus.groovy.control.ResolveVisitor.visitClass(ResolveVisitor.java:1145)
	at org.codehaus.groovy.control.ResolveVisitor.startResolving(ResolveVisitor.java:141)
	at org.codehaus.groovy.control.CompilationUnit$10.call(CompilationUnit.java:632)
	at org.codehaus.groovy.control.CompilationUnit.applyToSourceUnits(CompilationUnit.java:912)
	at org.codehaus.groovy.control.CompilationUnit.doPhaseOperation(CompilationUnit.java:574)
	at org.codehaus.groovy.control.CompilationUnit.compile(CompilationUnit.java:523)
	at groovy.lang.GroovyClassLoader.doParseClass(GroovyClassLoader.java:279)
	at groovy.lang.GroovyClassLoader.parseClass(GroovyClassLoader.java:258)
	at groovy.lang.GroovyShell.parseClass(GroovyShell.java:613)
	at groovy.lang.GroovyShell.parse(GroovyShell.java:625)
	at groovy.lang.GroovyShell.parse(GroovyShell.java:652)
	at groovy.lang.GroovyShell.parse(GroovyShell.java:643)
	at com.eviware.soapui.support.scripting.groovy.SoapUIGroovyScriptEngine.compile(SoapUIGroovyScriptEngine.java:152)
	at com.eviware.soapui.support.scripting.groovy.SoapUIGroovyScriptEngine.run(SoapUIGroovyScriptEngine.java:97)
	at com.eviware.soapui.impl.wsdl.teststeps.WsdlGroovyScriptTestStep.run(WsdlGroovyScriptTestStep.java:154)
	at com.eviware.soapui.impl.wsdl.support.AbstractTestCaseRunner.runTestStep(AbstractTestCaseRunner.java:239)
	at com.eviware.soapui.impl.wsdl.testcase.WsdlTestCaseRunner.runCurrentTestStep(WsdlTestCaseRunner.java:52)
	at com.eviware.soapui.impl.wsdl.support.AbstractTestCaseRunner.internalRun(AbstractTestCaseRunner.java:152)
	at com.eviware.soapui.impl.wsdl.support.AbstractTestCaseRunner.internalRun(AbstractTestCaseRunner.java:47)
	at com.eviware.soapui.impl.wsdl.support.AbstractTestRunner.run(AbstractTestRunner.java:139)
	at java.base/java.util.concurrent.Executors$RunnableAdapter.call(Executors.java:515)
	at java.base/java.util.concurrent.FutureTask.run(FutureTask.java:264)
	at java.base/java.util.concurrent.ThreadPoolExecutor.runWorker(ThreadPoolExecutor.java:1128)
	at java.base/java.util.concurrent.ThreadPoolExecutor$Worker.run(ThreadPoolExecutor.java:628)
	at java.base/java.lang.Thread.run(Thread.java:836)

Script1.groovy: 20: unable to resolve class org.apache.poi.ss.usermodel.Workbook
 @ line 20, column 1.
   import org.apache.poi.ss.usermodel.Workbook
   ^
org.codehaus.groovy.syntax.SyntaxException: unable to resolve class org.apache.poi.ss.usermodel.Workbook
 @ line 20, column 1.
	at org.codehaus.groovy.ast.ClassCodeVisitorSupport.addError(ClassCodeVisitorSupport.java:146)
	at org.codehaus.groovy.control.ResolveVisitor.visitClass(ResolveVisitor.java:1145)
	at org.codehaus.groovy.control.ResolveVisitor.startResolving(ResolveVisitor.java:141)
	at org.codehaus.groovy.control.CompilationUnit$10.call(CompilationUnit.java:632)
	at org.codehaus.groovy.control.CompilationUnit.applyToSourceUnits(CompilationUnit.java:912)
	at org.codehaus.groovy.control.CompilationUnit.doPhaseOperation(CompilationUnit.java:574)
	at org.codehaus.groovy.control.CompilationUnit.compile(CompilationUnit.java:523)
	at groovy.lang.GroovyClassLoader.doParseClass(GroovyClassLoader.java:279)
	at groovy.lang.GroovyClassLoader.parseClass(GroovyClassLoader.java:258)
	at groovy.lang.GroovyShell.parseClass(GroovyShell.java:613)
	at groovy.lang.GroovyShell.parse(GroovyShell.java:625)
	at groovy.lang.GroovyShell.parse(GroovyShell.java:652)
	at groovy.lang.GroovyShell.parse(GroovyShell.java:643)
	at com.eviware.soapui.support.scripting.groovy.SoapUIGroovyScriptEngine.compile(SoapUIGroovyScriptEngine.java:152)
	at com.eviware.soapui.support.scripting.groovy.SoapUIGroovyScriptEngine.run(SoapUIGroovyScriptEngine.java:97)
	at com.eviware.soapui.impl.wsdl.teststeps.WsdlGroovyScriptTestStep.run(WsdlGroovyScriptTestStep.java:154)
	at com.eviware.soapui.impl.wsdl.support.AbstractTestCaseRunner.runTestStep(AbstractTestCaseRunner.java:239)
	at com.eviware.soapui.impl.wsdl.testcase.WsdlTestCaseRunner.runCurrentTestStep(WsdlTestCaseRunner.java:52)
	at com.eviware.soapui.impl.wsdl.support.AbstractTestCaseRunner.internalRun(AbstractTestCaseRunner.java:152)
	at com.eviware.soapui.impl.wsdl.support.AbstractTestCaseRunner.internalRun(AbstractTestCaseRunner.java:47)
	at com.eviware.soapui.impl.wsdl.support.AbstractTestRunner.run(AbstractTestRunner.java:139)
	at java.base/java.util.concurrent.Executors$RunnableAdapter.call(Executors.java:515)
	at java.base/java.util.concurrent.FutureTask.run(FutureTask.java:264)
	at java.base/java.util.concurrent.ThreadPoolExecutor.runWorker(ThreadPoolExecutor.java:1128)
	at java.base/java.util.concurrent.ThreadPoolExecutor$Worker.run(ThreadPoolExecutor.java:628)
	at java.base/java.lang.Thread.run(Thread.java:836)

Script1.groovy: 13: unable to resolve class org.apache.poi.xssf.usermodel.XSSFSheet
 @ line 13, column 1.
   import org.apache.poi.xssf.usermodel.XSSFSheet;
   ^
org.codehaus.groovy.syntax.SyntaxException: unable to resolve class org.apache.poi.xssf.usermodel.XSSFSheet
 @ line 13, column 1.
	at org.codehaus.groovy.ast.ClassCodeVisitorSupport.addError(ClassCodeVisitorSupport.java:146)
	at org.codehaus.groovy.control.ResolveVisitor.visitClass(ResolveVisitor.java:1145)
	at org.codehaus.groovy.control.ResolveVisitor.startResolving(ResolveVisitor.java:141)
	at org.codehaus.groovy.control.CompilationUnit$10.call(CompilationUnit.java:632)
	at org.codehaus.groovy.control.CompilationUnit.applyToSourceUnits(CompilationUnit.java:912)
	at org.codehaus.groovy.control.CompilationUnit.doPhaseOperation(CompilationUnit.java:574)
	at org.codehaus.groovy.control.CompilationUnit.compile(CompilationUnit.java:523)
	at groovy.lang.GroovyClassLoader.doParseClass(GroovyClassLoader.java:279)
	at groovy.lang.GroovyClassLoader.parseClass(GroovyClassLoader.java:258)
	at groovy.lang.GroovyShell.parseClass(GroovyShell.java:613)
	at groovy.lang.GroovyShell.parse(GroovyShell.java:625)
	at groovy.lang.GroovyShell.parse(GroovyShell.java:652)
	at groovy.lang.GroovyShell.parse(GroovyShell.java:643)
	at com.eviware.soapui.support.scripting.groovy.SoapUIGroovyScriptEngine.compile(SoapUIGroovyScriptEngine.java:152)
	at com.eviware.soapui.support.scripting.groovy.SoapUIGroovyScriptEngine.run(SoapUIGroovyScriptEngine.java:97)
	at com.eviware.soapui.impl.wsdl.teststeps.WsdlGroovyScriptTestStep.run(WsdlGroovyScriptTestStep.java:154)
	at com.eviware.soapui.impl.wsdl.support.AbstractTestCaseRunner.runTestStep(AbstractTestCaseRunner.java:239)
	at com.eviware.soapui.impl.wsdl.testcase.WsdlTestCaseRunner.runCurrentTestStep(WsdlTestCaseRunner.java:52)
	at com.eviware.soapui.impl.wsdl.support.AbstractTestCaseRunner.internalRun(AbstractTestCaseRunner.java:152)
	at com.eviware.soapui.impl.wsdl.support.AbstractTestCaseRunner.internalRun(AbstractTestCaseRunner.java:47)
	at com.eviware.soapui.impl.wsdl.support.AbstractTestRunner.run(AbstractTestRunner.java:139)
	at java.base/java.util.concurrent.Executors$RunnableAdapter.call(Executors.java:515)
	at java.base/java.util.concurrent.FutureTask.run(FutureTask.java:264)
	at java.base/java.util.concurrent.ThreadPoolExecutor.runWorker(ThreadPoolExecutor.java:1128)
	at java.base/java.util.concurrent.ThreadPoolExecutor$Worker.run(ThreadPoolExecutor.java:628)
	at java.base/java.lang.Thread.run(Thread.java:836)

Script1.groovy: 12: unable to resolve class org.apache.poi.xssf.usermodel.XSSFRow
 @ line 12, column 1.
   import org.apache.poi.xssf.usermodel.XSSFRow;
   ^
org.codehaus.groovy.syntax.SyntaxException: unable to resolve class org.apache.poi.xssf.usermodel.XSSFRow
 @ line 12, column 1.
	at org.codehaus.groovy.ast.ClassCodeVisitorSupport.addError(ClassCodeVisitorSupport.java:146)
	at org.codehaus.groovy.control.ResolveVisitor.visitClass(ResolveVisitor.java:1145)
	at org.codehaus.groovy.control.ResolveVisitor.startResolving(ResolveVisitor.java:141)
	at org.codehaus.groovy.control.CompilationUnit$10.call(CompilationUnit.java:632)
	at org.codehaus.groovy.control.CompilationUnit.applyToSourceUnits(CompilationUnit.java:912)
	at org.codehaus.groovy.control.CompilationUnit.doPhaseOperation(CompilationUnit.java:574)
	at org.codehaus.groovy.control.CompilationUnit.compile(CompilationUnit.java:523)
	at groovy.lang.GroovyClassLoader.doParseClass(GroovyClassLoader.java:279)
	at groovy.lang.GroovyClassLoader.parseClass(GroovyClassLoader.java:258)
	at groovy.lang.GroovyShell.parseClass(GroovyShell.java:613)
	at groovy.lang.GroovyShell.parse(GroovyShell.java:625)
	at groovy.lang.GroovyShell.parse(GroovyShell.java:652)
	at groovy.lang.GroovyShell.parse(GroovyShell.java:643)
	at com.eviware.soapui.support.scripting.groovy.SoapUIGroovyScriptEngine.compile(SoapUIGroovyScriptEngine.java:152)
	at com.eviware.soapui.support.scripting.groovy.SoapUIGroovyScriptEngine.run(SoapUIGroovyScriptEngine.java:97)
	at com.eviware.soapui.impl.wsdl.teststeps.WsdlGroovyScriptTestStep.run(WsdlGroovyScriptTestStep.java:154)
	at com.eviware.soapui.impl.wsdl.support.AbstractTestCaseRunner.runTestStep(AbstractTestCaseRunner.java:239)
	at com.eviware.soapui.impl.wsdl.testcase.WsdlTestCaseRunner.runCurrentTestStep(WsdlTestCaseRunner.java:52)
	at com.eviware.soapui.impl.wsdl.support.AbstractTestCaseRunner.internalRun(AbstractTestCaseRunner.java:152)
	at com.eviware.soapui.impl.wsdl.support.AbstractTestCaseRunner.internalRun(AbstractTestCaseRunner.java:47)
	at com.eviware.soapui.impl.wsdl.support.AbstractTestRunner.run(AbstractTestRunner.java:139)
	at java.base/java.util.concurrent.Executors$RunnableAdapter.call(Executors.java:515)
	at java.base/java.util.concurrent.FutureTask.run(FutureTask.java:264)
	at java.base/java.util.concurrent.ThreadPoolExecutor.runWorker(ThreadPoolExecutor.java:1128)
	at java.base/java.util.concurrent.ThreadPoolExecutor$Worker.run(ThreadPoolExecutor.java:628)
	at java.base/java.lang.Thread.run(Thread.java:836)

Script1.groovy: 10: unable to resolve class org.apache.poi.hssf.usermodel.HSSFCell
 @ line 10, column 1.
   import org.apache.poi.hssf.usermodel.HSSFCell
   ^
org.codehaus.groovy.syntax.SyntaxException: unable to resolve class org.apache.poi.hssf.usermodel.HSSFCell
 @ line 10, column 1.
	at org.codehaus.groovy.ast.ClassCodeVisitorSupport.addError(ClassCodeVisitorSupport.java:146)
	at org.codehaus.groovy.control.ResolveVisitor.visitClass(ResolveVisitor.java:1145)
	at org.codehaus.groovy.control.ResolveVisitor.startResolving(ResolveVisitor.java:141)
	at org.codehaus.groovy.control.CompilationUnit$10.call(CompilationUnit.java:632)
	at org.codehaus.groovy.control.CompilationUnit.applyToSourceUnits(CompilationUnit.java:912)
	at org.codehaus.groovy.control.CompilationUnit.doPhaseOperation(CompilationUnit.java:574)
	at org.codehaus.groovy.control.CompilationUnit.compile(CompilationUnit.java:523)
	at groovy.lang.GroovyClassLoader.doParseClass(GroovyClassLoader.java:279)
	at groovy.lang.GroovyClassLoader.parseClass(GroovyClassLoader.java:258)
	at groovy.lang.GroovyShell.parseClass(GroovyShell.java:613)
	at groovy.lang.GroovyShell.parse(GroovyShell.java:625)
	at groovy.lang.GroovyShell.parse(GroovyShell.java:652)
	at groovy.lang.GroovyShell.parse(GroovyShell.java:643)
	at com.eviware.soapui.support.scripting.groovy.SoapUIGroovyScriptEngine.compile(SoapUIGroovyScriptEngine.java:152)
	at com.eviware.soapui.support.scripting.groovy.SoapUIGroovyScriptEngine.run(SoapUIGroovyScriptEngine.java:97)
	at com.eviware.soapui.impl.wsdl.teststeps.WsdlGroovyScriptTestStep.run(WsdlGroovyScriptTestStep.java:154)
	at com.eviware.soapui.impl.wsdl.support.AbstractTestCaseRunner.runTestStep(AbstractTestCaseRunner.java:239)
	at com.eviware.soapui.impl.wsdl.testcase.WsdlTestCaseRunner.runCurrentTestStep(WsdlTestCaseRunner.java:52)
	at com.eviware.soapui.impl.wsdl.support.AbstractTestCaseRunner.internalRun(AbstractTestCaseRunner.java:152)
	at com.eviware.soapui.impl.wsdl.support.AbstractTestCaseRunner.internalRun(AbstractTestCaseRunner.java:47)
	at com.eviware.soapui.impl.wsdl.support.AbstractTestRunner.run(AbstractTestRunner.java:139)
	at java.base/java.util.concurrent.Executors$RunnableAdapter.call(Executors.java:515)
	at java.base/java.util.concurrent.FutureTask.run(FutureTask.java:264)
	at java.base/java.util.concurrent.ThreadPoolExecutor.runWorker(ThreadPoolExecutor.java:1128)
	at java.base/java.util.concurrent.ThreadPoolExecutor$Worker.run(ThreadPoolExecutor.java:628)
	at java.base/java.lang.Thread.run(Thread.java:836)

Script1.groovy: 21: unable to resolve class org.apache.poi.ss.usermodel.WorkbookFactory
 @ line 21, column 1.
   import org.apache.poi.ss.usermodel.WorkbookFactory
   ^
org.codehaus.groovy.syntax.SyntaxException: unable to resolve class org.apache.poi.ss.usermodel.WorkbookFactory
 @ line 21, column 1.
	at org.codehaus.groovy.ast.ClassCodeVisitorSupport.addError(ClassCodeVisitorSupport.java:146)
	at org.codehaus.groovy.control.ResolveVisitor.visitClass(ResolveVisitor.java:1145)
	at org.codehaus.groovy.control.ResolveVisitor.startResolving(ResolveVisitor.java:141)
	at org.codehaus.groovy.control.CompilationUnit$10.call(CompilationUnit.java:632)
	at org.codehaus.groovy.control.CompilationUnit.applyToSourceUnits(CompilationUnit.java:912)
	at org.codehaus.groovy.control.CompilationUnit.doPhaseOperation(CompilationUnit.java:574)
	at org.codehaus.groovy.control.CompilationUnit.compile(CompilationUnit.java:523)
	at groovy.lang.GroovyClassLoader.doParseClass(GroovyClassLoader.java:279)
	at groovy.lang.GroovyClassLoader.parseClass(GroovyClassLoader.java:258)
	at groovy.lang.GroovyShell.parseClass(GroovyShell.java:613)
	at groovy.lang.GroovyShell.parse(GroovyShell.java:625)
	at groovy.lang.GroovyShell.parse(GroovyShell.java:652)
	at groovy.lang.GroovyShell.parse(GroovyShell.java:643)
	at com.eviware.soapui.support.scripting.groovy.SoapUIGroovyScriptEngine.compile(SoapUIGroovyScriptEngine.java:152)
	at com.eviware.soapui.support.scripting.groovy.SoapUIGroovyScriptEngine.run(SoapUIGroovyScriptEngine.java:97)
	at com.eviware.soapui.impl.wsdl.teststeps.WsdlGroovyScriptTestStep.run(WsdlGroovyScriptTestStep.java:154)
	at com.eviware.soapui.impl.wsdl.support.AbstractTestCaseRunner.runTestStep(AbstractTestCaseRunner.java:239)
	at com.eviware.soapui.impl.wsdl.testcase.WsdlTestCaseRunner.runCurrentTestStep(WsdlTestCaseRunner.java:52)
	at com.eviware.soapui.impl.wsdl.support.AbstractTestCaseRunner.internalRun(AbstractTestCaseRunner.java:152)
	at com.eviware.soapui.impl.wsdl.support.AbstractTestCaseRunner.internalRun(AbstractTestCaseRunner.java:47)
	at com.eviware.soapui.impl.wsdl.support.AbstractTestRunner.run(AbstractTestRunner.java:139)
	at java.base/java.util.concurrent.Executors$RunnableAdapter.call(Executors.java:515)
	at java.base/java.util.concurrent.FutureTask.run(FutureTask.java:264)
	at java.base/java.util.concurrent.ThreadPoolExecutor.runWorker(ThreadPoolExecutor.java:1128)
	at java.base/java.util.concurrent.ThreadPoolExecutor$Worker.run(ThreadPoolExecutor.java:628)
	at java.base/java.lang.Thread.run(Thread.java:836)

Script1.groovy: 11: unable to resolve class org.apache.poi.xssf.usermodel.XSSFCell
 @ line 11, column 1.
   import org.apache.poi.xssf.usermodel.XSSFCell;
   ^
org.codehaus.groovy.syntax.SyntaxException: unable to resolve class org.apache.poi.xssf.usermodel.XSSFCell
 @ line 11, column 1.
	at org.codehaus.groovy.ast.ClassCodeVisitorSupport.addError(ClassCodeVisitorSupport.java:146)
	at org.codehaus.groovy.control.ResolveVisitor.visitClass(ResolveVisitor.java:1145)
	at org.codehaus.groovy.control.ResolveVisitor.startResolving(ResolveVisitor.java:141)
	at org.codehaus.groovy.control.CompilationUnit$10.call(CompilationUnit.java:632)
	at org.codehaus.groovy.control.CompilationUnit.applyToSourceUnits(CompilationUnit.java:912)
	at org.codehaus.groovy.control.CompilationUnit.doPhaseOperation(CompilationUnit.java:574)
	at org.codehaus.groovy.control.CompilationUnit.compile(CompilationUnit.java:523)
	at groovy.lang.GroovyClassLoader.doParseClass(GroovyClassLoader.java:279)
	at groovy.lang.GroovyClassLoader.parseClass(GroovyClassLoader.java:258)
	at groovy.lang.GroovyShell.parseClass(GroovyShell.java:613)
	at groovy.lang.GroovyShell.parse(GroovyShell.java:625)
	at groovy.lang.GroovyShell.parse(GroovyShell.java:652)
	at groovy.lang.GroovyShell.parse(GroovyShell.java:643)
	at com.eviware.soapui.support.scripting.groovy.SoapUIGroovyScriptEngine.compile(SoapUIGroovyScriptEngine.java:152)
	at com.eviware.soapui.support.scripting.groovy.SoapUIGroovyScriptEngine.run(SoapUIGroovyScriptEngine.java:97)
	at com.eviware.soapui.impl.wsdl.teststeps.WsdlGroovyScriptTestStep.run(WsdlGroovyScriptTestStep.java:154)
	at com.eviware.soapui.impl.wsdl.support.AbstractTestCaseRunner.runTestStep(AbstractTestCaseRunner.java:239)
	at com.eviware.soapui.impl.wsdl.testcase.WsdlTestCaseRunner.runCurrentTestStep(WsdlTestCaseRunner.java:52)
	at com.eviware.soapui.impl.wsdl.support.AbstractTestCaseRunner.internalRun(AbstractTestCaseRunner.java:152)
	at com.eviware.soapui.impl.wsdl.support.AbstractTestCaseRunner.internalRun(AbstractTestCaseRunner.java:47)
	at com.eviware.soapui.impl.wsdl.support.AbstractTestRunner.run(AbstractTestRunner.java:139)
	at java.base/java.util.concurrent.Executors$RunnableAdapter.call(Executors.java:515)
	at java.base/java.util.concurrent.FutureTask.run(FutureTask.java:264)
	at java.base/java.util.concurrent.ThreadPoolExecutor.runWorker(ThreadPoolExecutor.java:1128)
	at java.base/java.util.concurrent.ThreadPoolExecutor$Worker.run(ThreadPoolExecutor.java:628)
	at java.base/java.lang.Thread.run(Thread.java:836)

Script1.groovy: 14: unable to resolve class org.apache.poi.xssf.usermodel.XSSFWorkbook
 @ line 14, column 1.
   import org.apache.poi.xssf.usermodel.XSSFWorkbook;
   ^
org.codehaus.groovy.syntax.SyntaxException: unable to resolve class org.apache.poi.xssf.usermodel.XSSFWorkbook
 @ line 14, column 1.
	at org.codehaus.groovy.ast.ClassCodeVisitorSupport.addError(ClassCodeVisitorSupport.java:146)
	at org.codehaus.groovy.control.ResolveVisitor.visitClass(ResolveVisitor.java:1145)
	at org.codehaus.groovy.control.ResolveVisitor.startResolving(ResolveVisitor.java:141)
	at org.codehaus.groovy.control.CompilationUnit$10.call(CompilationUnit.java:632)
	at org.codehaus.groovy.control.CompilationUnit.applyToSourceUnits(CompilationUnit.java:912)
	at org.codehaus.groovy.control.CompilationUnit.doPhaseOperation(CompilationUnit.java:574)
	at org.codehaus.groovy.control.CompilationUnit.compile(CompilationUnit.java:523)
	at groovy.lang.GroovyClassLoader.doParseClass(GroovyClassLoader.java:279)
	at groovy.lang.GroovyClassLoader.parseClass(GroovyClassLoader.java:258)
	at groovy.lang.GroovyShell.parseClass(GroovyShell.java:613)
	at groovy.lang.GroovyShell.parse(GroovyShell.java:625)
	at groovy.lang.GroovyShell.parse(GroovyShell.java:652)
	at groovy.lang.GroovyShell.parse(GroovyShell.java:643)
	at com.eviware.soapui.support.scripting.groovy.SoapUIGroovyScriptEngine.compile(SoapUIGroovyScriptEngine.java:152)
	at com.eviware.soapui.support.scripting.groovy.SoapUIGroovyScriptEngine.run(SoapUIGroovyScriptEngine.java:97)
	at com.eviware.soapui.impl.wsdl.teststeps.WsdlGroovyScriptTestStep.run(WsdlGroovyScriptTestStep.java:154)
	at com.eviware.soapui.impl.wsdl.support.AbstractTestCaseRunner.runTestStep(AbstractTestCaseRunner.java:239)
	at com.eviware.soapui.impl.wsdl.testcase.WsdlTestCaseRunner.runCurrentTestStep(WsdlTestCaseRunner.java:52)
	at com.eviware.soapui.impl.wsdl.support.AbstractTestCaseRunner.internalRun(AbstractTestCaseRunner.java:152)
	at com.eviware.soapui.impl.wsdl.support.AbstractTestCaseRunner.internalRun(AbstractTestCaseRunner.java:47)
	at com.eviware.soapui.impl.wsdl.support.AbstractTestRunner.run(AbstractTestRunner.java:139)
	at java.base/java.util.concurrent.Executors$RunnableAdapter.call(Executors.java:515)
	at java.base/java.util.concurrent.FutureTask.run(FutureTask.java:264)
	at java.base/java.util.concurrent.ThreadPoolExecutor.runWorker(ThreadPoolExecutor.java:1128)
	at java.base/java.util.concurrent.ThreadPoolExecutor$Worker.run(ThreadPoolExecutor.java:628)
	at java.base/java.lang.Thread.run(Thread.java:836)

Script1.groovy: 9: unable to resolve class org.apache.poi.hssf.usermodel.HSSFSheet
 @ line 9, column 1.
   import org.apache.poi.hssf.usermodel.HSSFSheet
   ^
org.codehaus.groovy.syntax.SyntaxException: unable to resolve class org.apache.poi.hssf.usermodel.HSSFSheet
 @ line 9, column 1.
	at org.codehaus.groovy.ast.ClassCodeVisitorSupport.addError(ClassCodeVisitorSupport.java:146)
	at org.codehaus.groovy.control.ResolveVisitor.visitClass(ResolveVisitor.java:1145)
	at org.codehaus.groovy.control.ResolveVisitor.startResolving(ResolveVisitor.java:141)
	at org.codehaus.groovy.control.CompilationUnit$10.call(CompilationUnit.java:632)
	at org.codehaus.groovy.control.CompilationUnit.applyToSourceUnits(CompilationUnit.java:912)
	at org.codehaus.groovy.control.CompilationUnit.doPhaseOperation(CompilationUnit.java:574)
	at org.codehaus.groovy.control.CompilationUnit.compile(CompilationUnit.java:523)
	at groovy.lang.GroovyClassLoader.doParseClass(GroovyClassLoader.java:279)
	at groovy.lang.GroovyClassLoader.parseClass(GroovyClassLoader.java:258)
	at groovy.lang.GroovyShell.parseClass(GroovyShell.java:613)
	at groovy.lang.GroovyShell.parse(GroovyShell.java:625)
	at groovy.lang.GroovyShell.parse(GroovyShell.java:652)
	at groovy.lang.GroovyShell.parse(GroovyShell.java:643)
	at com.eviware.soapui.support.scripting.groovy.SoapUIGroovyScriptEngine.compile(SoapUIGroovyScriptEngine.java:152)
	at com.eviware.soapui.support.scripting.groovy.SoapUIGroovyScriptEngine.run(SoapUIGroovyScriptEngine.java:97)
	at com.eviware.soapui.impl.wsdl.teststeps.WsdlGroovyScriptTestStep.run(WsdlGroovyScriptTestStep.java:154)
	at com.eviware.soapui.impl.wsdl.support.AbstractTestCaseRunner.runTestStep(AbstractTestCaseRunner.java:239)
	at com.eviware.soapui.impl.wsdl.testcase.WsdlTestCaseRunner.runCurrentTestStep(WsdlTestCaseRunner.java:52)
	at com.eviware.soapui.impl.wsdl.support.AbstractTestCaseRunner.internalRun(AbstractTestCaseRunner.java:152)
	at com.eviware.soapui.impl.wsdl.support.AbstractTestCaseRunner.internalRun(AbstractTestCaseRunner.java:47)
	at com.eviware.soapui.impl.wsdl.support.AbstractTestRunner.run(AbstractTestRunner.java:139)
	at java.base/java.util.concurrent.Executors$RunnableAdapter.call(Executors.java:515)
	at java.base/java.util.concurrent.FutureTask.run(FutureTask.java:264)
	at java.base/java.util.concurrent.ThreadPoolExecutor.runWorker(ThreadPoolExecutor.java:1128)
	at java.base/java.util.concurrent.ThreadPoolExecutor$Worker.run(ThreadPoolExecutor.java:628)
	at java.base/java.lang.Thread.run(Thread.java:836)

Script1.groovy: 18: unable to resolve class org.apache.poi.ss.usermodel.Row
 @ line 18, column 1.
   import org.apache.poi.ss.usermodel.Row
   ^
org.codehaus.groovy.syntax.SyntaxException: unable to resolve class org.apache.poi.ss.usermodel.Row
 @ line 18, column 1.
	at org.codehaus.groovy.ast.ClassCodeVisitorSupport.addError(ClassCodeVisitorSupport.java:146)
	at org.codehaus.groovy.control.ResolveVisitor.visitClass(ResolveVisitor.java:1145)
	at org.codehaus.groovy.control.ResolveVisitor.startResolving(ResolveVisitor.java:141)
	at org.codehaus.groovy.control.CompilationUnit$10.call(CompilationUnit.java:632)
	at org.codehaus.groovy.control.CompilationUnit.applyToSourceUnits(CompilationUnit.java:912)
	at org.codehaus.groovy.control.CompilationUnit.doPhaseOperation(CompilationUnit.java:574)
	at org.codehaus.groovy.control.CompilationUnit.compile(CompilationUnit.java:523)
	at groovy.lang.GroovyClassLoader.doParseClass(GroovyClassLoader.java:279)
	at groovy.lang.GroovyClassLoader.parseClass(GroovyClassLoader.java:258)
	at groovy.lang.GroovyShell.parseClass(GroovyShell.java:613)
	at groovy.lang.GroovyShell.parse(GroovyShell.java:625)
	at groovy.lang.GroovyShell.parse(GroovyShell.java:652)
	at groovy.lang.GroovyShell.parse(GroovyShell.java:643)
	at com.eviware.soapui.support.scripting.groovy.SoapUIGroovyScriptEngine.compile(SoapUIGroovyScriptEngine.java:152)
	at com.eviware.soapui.support.scripting.groovy.SoapUIGroovyScriptEngine.run(SoapUIGroovyScriptEngine.java:97)
	at com.eviware.soapui.impl.wsdl.teststeps.WsdlGroovyScriptTestStep.run(WsdlGroovyScriptTestStep.java:154)
	at com.eviware.soapui.impl.wsdl.support.AbstractTestCaseRunner.runTestStep(AbstractTestCaseRunner.java:239)
	at com.eviware.soapui.impl.wsdl.testcase.WsdlTestCaseRunner.runCurrentTestStep(WsdlTestCaseRunner.java:52)
	at com.eviware.soapui.impl.wsdl.support.AbstractTestCaseRunner.internalRun(AbstractTestCaseRunner.java:152)
	at com.eviware.soapui.impl.wsdl.support.AbstractTestCaseRunner.internalRun(AbstractTestCaseRunner.java:47)
	at com.eviware.soapui.impl.wsdl.support.AbstractTestRunner.run(AbstractTestRunner.java:139)
	at java.base/java.util.concurrent.Executors$RunnableAdapter.call(Executors.java:515)
	at java.base/java.util.concurrent.FutureTask.run(FutureTask.java:264)
	at java.base/java.util.concurrent.ThreadPoolExecutor.runWorker(ThreadPoolExecutor.java:1128)
	at java.base/java.util.concurrent.ThreadPoolExecutor$Worker.run(ThreadPoolExecutor.java:628)
	at java.base/java.lang.Thread.run(Thread.java:836)

Script1.groovy: 16: unable to resolve class org.apache.poi.ss.usermodel.Cell
 @ line 16, column 1.
   import org.apache.poi.ss.usermodel.Cell
   ^
org.codehaus.groovy.syntax.SyntaxException: unable to resolve class org.apache.poi.ss.usermodel.Cell
 @ line 16, column 1.
	at org.codehaus.groovy.ast.ClassCodeVisitorSupport.addError(ClassCodeVisitorSupport.java:146)
	at org.codehaus.groovy.control.ResolveVisitor.visitClass(ResolveVisitor.java:1145)
	at org.codehaus.groovy.control.ResolveVisitor.startResolving(ResolveVisitor.java:141)
	at org.codehaus.groovy.control.CompilationUnit$10.call(CompilationUnit.java:632)
	at org.codehaus.groovy.control.CompilationUnit.applyToSourceUnits(CompilationUnit.java:912)
	at org.codehaus.groovy.control.CompilationUnit.doPhaseOperation(CompilationUnit.java:574)
	at org.codehaus.groovy.control.CompilationUnit.compile(CompilationUnit.java:523)
	at groovy.lang.GroovyClassLoader.doParseClass(GroovyClassLoader.java:279)
	at groovy.lang.GroovyClassLoader.parseClass(GroovyClassLoader.java:258)
	at groovy.lang.GroovyShell.parseClass(GroovyShell.java:613)
	at groovy.lang.GroovyShell.parse(GroovyShell.java:625)
	at groovy.lang.GroovyShell.parse(GroovyShell.java:652)
	at groovy.lang.GroovyShell.parse(GroovyShell.java:643)
	at com.eviware.soapui.support.scripting.groovy.SoapUIGroovyScriptEngine.compile(SoapUIGroovyScriptEngine.java:152)
	at com.eviware.soapui.support.scripting.groovy.SoapUIGroovyScriptEngine.run(SoapUIGroovyScriptEngine.java:97)
	at com.eviware.soapui.impl.wsdl.teststeps.WsdlGroovyScriptTestStep.run(WsdlGroovyScriptTestStep.java:154)
	at com.eviware.soapui.impl.wsdl.support.AbstractTestCaseRunner.runTestStep(AbstractTestCaseRunner.java:239)
	at com.eviware.soapui.impl.wsdl.testcase.WsdlTestCaseRunner.runCurrentTestStep(WsdlTestCaseRunner.java:52)
	at com.eviware.soapui.impl.wsdl.support.AbstractTestCaseRunner.internalRun(AbstractTestCaseRunner.java:152)
	at com.eviware.soapui.impl.wsdl.support.AbstractTestCaseRunner.internalRun(AbstractTestCaseRunner.java:47)
	at com.eviware.soapui.impl.wsdl.support.AbstractTestRunner.run(AbstractTestRunner.java:139)
	at java.base/java.util.concurrent.Executors$RunnableAdapter.call(Executors.java:515)
	at java.base/java.util.concurrent.FutureTask.run(FutureTask.java:264)
	at java.base/java.util.concurrent.ThreadPoolExecutor.runWorker(ThreadPoolExecutor.java:1128)
	at java.base/java.util.concurrent.ThreadPoolExecutor$Worker.run(ThreadPoolExecutor.java:628)
	at java.base/java.lang.Thread.run(Thread.java:836)

Script1.groovy: 19: unable to resolve class org.apache.poi.ss.usermodel.Sheet
 @ line 19, column 1.
   import org.apache.poi.ss.usermodel.Sheet
   ^
org.codehaus.groovy.syntax.SyntaxException: unable to resolve class org.apache.poi.ss.usermodel.Sheet
 @ line 19, column 1.
	at org.codehaus.groovy.ast.ClassCodeVisitorSupport.addError(ClassCodeVisitorSupport.java:146)
	at org.codehaus.groovy.control.ResolveVisitor.visitClass(ResolveVisitor.java:1145)
	at org.codehaus.groovy.control.ResolveVisitor.startResolving(ResolveVisitor.java:141)
	at org.codehaus.groovy.control.CompilationUnit$10.call(CompilationUnit.java:632)
	at org.codehaus.groovy.control.CompilationUnit.applyToSourceUnits(CompilationUnit.java:912)
	at org.codehaus.groovy.control.CompilationUnit.doPhaseOperation(CompilationUnit.java:574)
	at org.codehaus.groovy.control.CompilationUnit.compile(CompilationUnit.java:523)
	at groovy.lang.GroovyClassLoader.doParseClass(GroovyClassLoader.java:279)
	at groovy.lang.GroovyClassLoader.parseClass(GroovyClassLoader.java:258)
	at groovy.lang.GroovyShell.parseClass(GroovyShell.java:613)
	at groovy.lang.GroovyShell.parse(GroovyShell.java:625)
	at groovy.lang.GroovyShell.parse(GroovyShell.java:652)
	at groovy.lang.GroovyShell.parse(GroovyShell.java:643)
	at com.eviware.soapui.support.scripting.groovy.SoapUIGroovyScriptEngine.compile(SoapUIGroovyScriptEngine.java:152)
	at com.eviware.soapui.support.scripting.groovy.SoapUIGroovyScriptEngine.run(SoapUIGroovyScriptEngine.java:97)
	at com.eviware.soapui.impl.wsdl.teststeps.WsdlGroovyScriptTestStep.run(WsdlGroovyScriptTestStep.java:154)
	at com.eviware.soapui.impl.wsdl.support.AbstractTestCaseRunner.runTestStep(AbstractTestCaseRunner.java:239)
	at com.eviware.soapui.impl.wsdl.testcase.WsdlTestCaseRunner.runCurrentTestStep(WsdlTestCaseRunner.java:52)
	at com.eviware.soapui.impl.wsdl.support.AbstractTestCaseRunner.internalRun(AbstractTestCaseRunner.java:152)
	at com.eviware.soapui.impl.wsdl.support.AbstractTestCaseRunner.internalRun(AbstractTestCaseRunner.java:47)
	at com.eviware.soapui.impl.wsdl.support.AbstractTestRunner.run(AbstractTestRunner.java:139)
	at java.base/java.util.concurrent.Executors$RunnableAdapter.call(Executors.java:515)
	at java.base/java.util.concurrent.FutureTask.run(FutureTask.java:264)
	at java.base/java.util.concurrent.ThreadPoolExecutor.runWorker(ThreadPoolExecutor.java:1128)
	at java.base/java.util.concurrent.ThreadPoolExecutor$Worker.run(ThreadPoolExecutor.java:628)
	at java.base/java.lang.Thread.run(Thread.java:836)

13 errors

</pre><hr/>]]></failure></testcase><testcase name="Get_Customer_Details" time="7.635"/><testcase name="Update_Customer_Address TestCase" time="6.816"/><testcase name="Get_Customer" time="0.358"/><testcase name="logout TestCase" time="0.3"/></testsuite>